c:\users\mesom\documents\github\graphics\learnopengl\somine engine\somine\somine\x64\debug\vc143.pdb
c:\users\mesom\documents\github\graphics\learnopengl\somine engine\somine\somine\x64\debug\vc143.idb
c:\users\mesom\documents\github\graphics\learnopengl\somine engine\somine\somine\x64\debug\meshold.obj
c:\users\d3906354\source\graphics\learnopengl\somine engine\somine\somine\x64\debug\vc143.pdb
c:\users\d3906354\source\graphics\learnopengl\somine engine\somine\somine\x64\debug\vc143.idb
c:\users\d3906354\source\graphics\learnopengl\somine engine\somine\somine\x64\debug\window.obj
c:\users\d3906354\source\graphics\learnopengl\somine engine\somine\somine\x64\debug\transform.obj
c:\users\d3906354\source\graphics\learnopengl\somine engine\somine\somine\x64\debug\texturemanager.obj
c:\users\d3906354\source\graphics\learnopengl\somine engine\somine\somine\x64\debug\shader.obj
c:\users\d3906354\source\graphics\learnopengl\somine engine\somine\somine\x64\debug\renderer.obj
c:\users\d3906354\source\graphics\learnopengl\somine engine\somine\somine\x64\debug\terrain.obj
c:\users\d3906354\source\graphics\learnopengl\somine engine\somine\somine\x64\debug\sphereprimitive.obj
c:\users\d3906354\source\graphics\learnopengl\somine engine\somine\somine\x64\debug\pyramidprimitive.obj
c:\users\d3906354\source\graphics\learnopengl\somine engine\somine\somine\x64\debug\planeprimitive.obj
c:\users\d3906354\source\graphics\learnopengl\somine engine\somine\somine\x64\debug\grid.obj
c:\users\d3906354\source\graphics\learnopengl\somine engine\somine\somine\x64\debug\cubeprimitive.obj
c:\users\d3906354\source\graphics\learnopengl\somine engine\somine\somine\x64\debug\oldmesh.obj
c:\users\d3906354\source\graphics\learnopengl\somine engine\somine\somine\x64\debug\main.obj
c:\users\d3906354\source\graphics\learnopengl\somine engine\somine\somine\x64\debug\helper.obj
c:\users\d3906354\source\graphics\learnopengl\somine engine\somine\somine\x64\debug\camera.obj
c:\users\d3906354\source\graphics\learnopengl\somine engine\somine\somine\x64\debug\model.obj
c:\users\d3906354\source\graphics\learnopengl\somine engine\somine\somine\x64\debug\mesh.obj
c:\users\d3906354\source\graphics\learnopengl\somine engine\somine\somine\x64\debug\material.obj
c:\users\d3906354\source\graphics\learnopengl\somine engine\somine\somine\x64\debug\imgui_widgets.obj
c:\users\d3906354\source\graphics\learnopengl\somine engine\somine\somine\x64\debug\imgui_tables.obj
c:\users\d3906354\source\graphics\learnopengl\somine engine\somine\somine\x64\debug\imgui_impl_opengl3.obj
c:\users\d3906354\source\graphics\learnopengl\somine engine\somine\somine\x64\debug\imgui_impl_glfw.obj
c:\users\d3906354\source\graphics\learnopengl\somine engine\somine\somine\x64\debug\imgui_draw.obj
c:\users\d3906354\source\graphics\learnopengl\somine engine\somine\somine\x64\debug\imgui_demo.obj
c:\users\d3906354\source\graphics\learnopengl\somine engine\somine\somine\x64\debug\imgui.obj
c:\users\d3906354\source\graphics\learnopengl\somine engine\somine\somine\x64\debug\dummy.obj
c:\users\d3906354\source\graphics\learnopengl\somine engine\somine\somine\x64\debug\glm.obj
c:\users\d3906354\source\graphics\learnopengl\somine engine\somine\somine\x64\debug\glad.obj
c:\users\d3906354\source\graphics\learnopengl\somine engine\somine\somine\x64\debug\somine.ilk
c:\users\d3906354\source\graphics\learnopengl\somine engine\somine\somine\x64\debug\meshold.obj
c:\users\d3906354\source\graphics\learnopengl\somine engine\somine\somine\x64\debug\meshprimitive.obj
c:\users\d3906354\source\graphics\learnopengl\somine engine\somine\x64\debug\somine.pdb
c:\users\d3906354\source\graphics\learnopengl\somine engine\somine\somine\x64\debug\somine.tlog\cl.command.1.tlog
c:\users\d3906354\source\graphics\learnopengl\somine engine\somine\somine\x64\debug\somine.tlog\cl.items.tlog
c:\users\d3906354\source\graphics\learnopengl\somine engine\somine\somine\x64\debug\somine.tlog\cl.read.1.tlog
c:\users\d3906354\source\graphics\learnopengl\somine engine\somine\somine\x64\debug\somine.tlog\cl.write.1.tlog
c:\users\d3906354\source\graphics\learnopengl\somine engine\somine\somine\x64\debug\somine.tlog\link-cvtres.read.1.tlog
c:\users\d3906354\source\graphics\learnopengl\somine engine\somine\somine\x64\debug\somine.tlog\link-cvtres.write.1.tlog
c:\users\d3906354\source\graphics\learnopengl\somine engine\somine\somine\x64\debug\somine.tlog\link-rc.read.1.tlog
c:\users\d3906354\source\graphics\learnopengl\somine engine\somine\somine\x64\debug\somine.tlog\link-rc.write.1.tlog
c:\users\d3906354\source\graphics\learnopengl\somine engine\somine\somine\x64\debug\somine.tlog\link.33464-cvtres.read.1.tlog
c:\users\d3906354\source\graphics\learnopengl\somine engine\somine\somine\x64\debug\somine.tlog\link.33464-cvtres.write.1.tlog
c:\users\d3906354\source\graphics\learnopengl\somine engine\somine\somine\x64\debug\somine.tlog\link.33464-rc.read.1.tlog
c:\users\d3906354\source\graphics\learnopengl\somine engine\somine\somine\x64\debug\somine.tlog\link.33464-rc.write.1.tlog
c:\users\d3906354\source\graphics\learnopengl\somine engine\somine\somine\x64\debug\somine.tlog\link.33464.read.1.tlog
c:\users\d3906354\source\graphics\learnopengl\somine engine\somine\somine\x64\debug\somine.tlog\link.33464.read.2.tlog
c:\users\d3906354\source\graphics\learnopengl\somine engine\somine\somine\x64\debug\somine.tlog\link.33464.write.1.tlog
c:\users\d3906354\source\graphics\learnopengl\somine engine\somine\somine\x64\debug\somine.tlog\link.command.1.tlog
c:\users\d3906354\source\graphics\learnopengl\somine engine\somine\somine\x64\debug\somine.tlog\link.read.1.tlog
c:\users\d3906354\source\graphics\learnopengl\somine engine\somine\somine\x64\debug\somine.tlog\link.read.2.tlog
c:\users\d3906354\source\graphics\learnopengl\somine engine\somine\somine\x64\debug\somine.tlog\link.secondary.1.tlog
c:\users\d3906354\source\graphics\learnopengl\somine engine\somine\somine\x64\debug\somine.tlog\link.write.1.tlog
